-------------------------------------------------------------------------------
Test set: LibraryCatalogTest
-------------------------------------------------------------------------------
Tests run: 5, Failures: 1, Errors: 0, Skipped: 0, Time elapsed: 1.652 s <<< FAILURE! -- in LibraryCatalogTest
LibraryCatalogTest.exportCatalog_ioFailure -- Time elapsed: 1.393 s <<< FAILURE!
java.lang.AssertionError: unexpected exception type thrown; expected:<LibraryIOException> but was:<org.mockito.exceptions.base.MockitoException>
	at org.junit.Assert.assertThrows(Assert.java:1020)
	at org.junit.Assert.assertThrows(Assert.java:981)
	at LibraryCatalogTest.exportCatalog_ioFailure(LibraryCatalogTest.java:121)
	at java.base/java.lang.reflect.Method.invoke(Method.java:580)
Caused by: org.mockito.exceptions.base.MockitoException: Could not initialize mocked construction
	at java.base/java.io.FileWriter.<init>(FileWriter.java)
	at LibraryCatalog.exportCatalog(LibraryCatalog.java:51)
	at LibraryCatalogTest.lambda$exportCatalog_ioFailure$2(LibraryCatalogTest.java:123)
	at org.junit.Assert.assertThrows(Assert.java:1001)
	... 3 more
Caused by: java.io.IOException: simulated disk failure
	at LibraryCatalogTest.lambda$exportCatalog_ioFailure$1(LibraryCatalogTest.java:116)
	at org.mockito.internal.creation.bytebuddy.InlineDelegateByteBuddyMockMaker$InlineConstructionMockControl.lambda$enable$0(InlineDelegateByteBuddyMockMaker.java:771)
	at org.mockito.internal.creation.bytebuddy.InlineDelegateByteBuddyMockMaker.lambda$new$3(InlineDelegateByteBuddyMockMaker.java:309)
	at org.mockito.internal.creation.bytebuddy.MockMethodAdvice.handleConstruction(MockMethodAdvice.java:159)
	at org.mockito.internal.creation.bytebuddy.inject.MockMethodDispatcher.handleConstruction(MockMethodDispatcher.java:71)
	... 7 more

