<?xml version="1.0" encoding="UTF-8"?>
<testsuite xmlns:xsi="http://www.w3.org/2001/XMLSchema-instance" xsi:noNamespaceSchemaLocation="https://maven.apache.org/surefire/maven-surefire-plugin/xsd/surefire-test-report-3.0.xsd" version="3.0" name="LibraryBvaTest" time="0.016" tests="2" errors="0" skipped="0" failures="0">
  <properties>
[...]
</properties>
  <testcase name="allBoundaries" classname="LibraryBvaTest" time="0.012">
    <system-out><![CDATA[>>> @BeforeClass (module scope): 11 rows
[BVA fineTier] domain-start       days=0    expected=None     actual=None    
[BVA fineTier] None|Low           days=1    expected=Low      actual=Low     
[BVA fineTier] Low-max            days=7    expected=Low      actual=Low     
[BVA fineTier] Low|Medium         days=8    expected=Medium   actual=Medium  
[BVA fineTier] Medium+1           days=9    expected=Medium   actual=Medium  
[BVA fineTier] Medium-max         days=14   expected=Medium   actual=Medium  
[BVA fineTier] Medium|High        days=15   expected=High     actual=High    
[BVA fineTier] High+1             days=16   expected=High     actual=High    
[BVA fineTier] High-max           days=30   expected=High     actual=High    
[BVA fineTier] High|Severe        days=31   expected=Severe   actual=Severe  
[BVA fineTier] Severe+1           days=32   expected=Severe   actual=Severe  
]]></system-out>
  </testcase>
  <testcase name="negativeDaysThrows" classname="LibraryBvaTest" time="0.002"/>
</testsuite>